<?xml version="1.0" encoding="UTF-8"?>
<!-- Generated by org.testng.reporters.JUnitReportReporter -->
<testsuite hostname="DBOOGA-PC" name="TestNG.SaveCallReport" tests="1" failures="0" timestamp="15 Mar 2016 09:36:02 GMT" time="81.877" errors="0">
  <testcase name="test1" time="81.877" classname="TestNG.SaveCallReport"/>
</testsuite> <!-- TestNG.SaveCallReport -->
