<?xml version="1.0" encoding="UTF-8"?>
<!-- Generated by org.testng.reporters.JUnitReportReporter -->
<testsuite hostname="DBOOGA-PC" name="Tests.SaveCallReport" tests="8" failures="0" timestamp="15 Mar 2016 12:01:39 GMT" time="87.344" errors="0">
  <testcase name="test_Authenticate_User" time="4.532" classname="Tests.SaveCallReport"/>
  <testcase name="test_Check_Save" time="21.750" classname="Tests.SaveCallReport"/>
  <testcase name="test_Save" time="0.326" classname="Tests.SaveCallReport"/>
  <testcase name="test_Log_Out" time="2.706" classname="Tests.SaveCallReport"/>
  <testcase name="test_Select_MyAccountTab" time="11.486" classname="Tests.SaveCallReport"/>
  <testcase name="test_Select_Account" time="4.685" classname="Tests.SaveCallReport"/>
  <testcase name="test_Record_Call" time="23.036" classname="Tests.SaveCallReport"/>
  <testcase name="test_Mass_Promo_Call" time="18.823" classname="Tests.SaveCallReport"/>
</testsuite> <!-- Tests.SaveCallReport -->
